Compiling the C compiler identification source file "CMakeCCompilerId.c" failed.
Compiler: C:/Program Files (x86)/GNU Tools Arm Embedded/7 2018-q2-update/bin/arm-none-eabi-gcc.exe 
Build flags: 
Id flags:  

The output was:
1
c:/program files (x86)/gnu tools arm embedded/7 2018-q2-update/bin/../lib/gcc/arm-none-eabi/7.3.1/../../../../arm-none-eabi/lib\libc.a(lib_a-exit.o): In function `exit':
exit.c:(.text.exit+0x2c): undefined reference to `_exit'
collect2.exe: error: ld returned 1 exit status


Compiling the CXX compiler identification source file "CMakeCXXCompilerId.cpp" failed.
Compiler: C:/Program Files (x86)/GNU Tools Arm Embedded/7 2018-q2-update/bin/arm-none-eabi-g++.exe 
Build flags: 
Id flags:  

The output was:
1
c:/program files (x86)/gnu tools arm embedded/7 2018-q2-update/bin/../lib/gcc/arm-none-eabi/7.3.1/../../../../arm-none-eabi/lib\libc.a(lib_a-exit.o): In function `exit':
exit.c:(.text.exit+0x2c): undefined reference to `_exit'
collect2.exe: error: ld returned 1 exit status


Detecting C compiler ABI info failed to compile with the following output:
Change Dir: C:/Users/will/Documents/Capstone/SRDAQ_Firmware/Firmware/cmake-build-debug/CMakeFiles/CMakeTmp

Run Build Command(s):C:/MinGW/msys/1.0/bin/make.exe cmTC_930fc/fast && /usr/bin/make -f CMakeFiles\cmTC_930fc.dir\build.make CMakeFiles/cmTC_930fc.dir/build
'mTC_930fc.dir' is not recognized as an internal or external command,
operable program or batch file.
make: *** [cmTC_930fc/fast] Error 1




Detecting CXX compiler ABI info failed to compile with the following output:
Change Dir: C:/Users/will/Documents/Capstone/SRDAQ_Firmware/Firmware/cmake-build-debug/CMakeFiles/CMakeTmp

Run Build Command(s):C:/MinGW/msys/1.0/bin/make.exe cmTC_27b4c/fast && /usr/bin/make -f CMakeFiles\cmTC_27b4c.dir\build.make CMakeFiles/cmTC_27b4c.dir/build
'mTC_27b4c.dir' is not recognized as an internal or external command,
operable program or batch file.
make: *** [cmTC_27b4c/fast] Error 1




